Using pre-set license
Built from '2020.3/staging' branch; Version is '2020.3.19f1 (68f137dc9bbe) revision 6877495'; Using compiler version '192528614'; Build Type 'Release'
OS: 'Windows 10 Home; OS build 19042.1348; Version 2009; 64bit' Language: 'en' Physical Memory: 16115 MB
BatchMode: 1, IsHumanControllingUs: 0, StartBugReporterOnCrash: 0, Is64bit: 1, IsPro: 0

COMMAND LINE ARGUMENTS:
C:\Program Files\Unity\Hub\Editor\2020.3.19f1\Editor\Unity.exe
-adb2
-batchMode
-noUpm
-name
AssetImportWorker0
-projectPath
C:/Users/2type/OneDrive/Documents/GitHub/SudsGame
-logFile
Logs/AssetImportWorker0.log
-srvPort
52190
Successfully changed project path to: C:/Users/2type/OneDrive/Documents/GitHub/SudsGame
C:/Users/2type/OneDrive/Documents/GitHub/SudsGame
Using Asset Import Pipeline V2.
Refreshing native plugins compatible for Editor in 53.84 ms, found 2 plugins.
Preloading 0 native plugins for Editor in 0.00 ms.
Initialize engine version: 2020.3.19f1 (68f137dc9bbe)
[Subsystems] Discovering subsystems at path C:/Program Files/Unity/Hub/Editor/2020.3.19f1/Editor/Data/Resources/UnitySubsystems
[Subsystems] Discovering subsystems at path C:/Users/2type/OneDrive/Documents/GitHub/SudsGame/Assets
GfxDevice: creating device client; threaded=0
Direct3D:
    Version:  Direct3D 11.0 [level 11.1]
    Renderer: NVIDIA GeForce GTX 1050 Ti with Max-Q Design (ID=0x1c8c)
    Vendor:   
    VRAM:     4021 MB
    Driver:   27.21.14.6231
Initialize mono
Mono path[0] = 'C:/Program Files/Unity/Hub/Editor/2020.3.19f1/Editor/Data/Managed'
Mono path[1] = 'C:/Program Files/Unity/Hub/Editor/2020.3.19f1/Editor/Data/MonoBleedingEdge/lib/mono/unityjit'
Mono config path = 'C:/Program Files/Unity/Hub/Editor/2020.3.19f1/Editor/Data/MonoBleedingEdge/etc'
Using monoOptions --debugger-agent=transport=dt_socket,embedding=1,server=y,suspend=n,address=127.0.0.1:56708
Begin MonoManager ReloadAssembly
Registering precompiled unity dll's ...
Register platform support module: C:/Program Files/Unity/Hub/Editor/2020.3.19f1/Editor/Data/PlaybackEngines/WebGLSupport/UnityEditor.WebGL.Extensions.dll
Register platform support module: C:/Program Files/Unity/Hub/Editor/2020.3.19f1/Editor/Data/PlaybackEngines/WindowsStandaloneSupport/UnityEditor.WindowsStandalone.Extensions.dll
Registered in 0.003027 seconds.
Native extension for WindowsStandalone target not found
Native extension for WebGL target not found
Refreshing native plugins compatible for Editor in 51.53 ms, found 2 plugins.
Preloading 0 native plugins for Editor in 0.00 ms.
Mono: successfully reloaded assembly
- Completed reload, in  1.159 seconds
Domain Reload Profiling:
	ReloadAssembly (1159ms)
		BeginReloadAssembly (56ms)
			ExecutionOrderSort (0ms)
			DisableScriptedObjects (0ms)
			BackupInstance (0ms)
			ReleaseScriptingObjects (0ms)
			CreateAndSetChildDomain (1ms)
		EndReloadAssembly (420ms)
			LoadAssemblies (54ms)
			RebuildTransferFunctionScriptingTraits (0ms)
			SetupTypeCache (156ms)
			ReleaseScriptCaches (0ms)
			RebuildScriptCaches (29ms)
			SetupLoadedEditorAssemblies (166ms)
				LogAssemblyErrors (0ms)
				InitializePlatformSupportModulesInManaged (5ms)
				SetLoadedEditorAssemblies (0ms)
				RefreshPlugins (52ms)
				BeforeProcessingInitializeOnLoad (9ms)
				ProcessInitializeOnLoadAttributes (73ms)
				ProcessInitializeOnLoadMethodAttributes (27ms)
				AfterProcessingInitializeOnLoad (0ms)
				EditorAssembliesLoaded (0ms)
			ExecutionOrderSort2 (0ms)
			AwakeInstancesAfterBackupRestoration (0ms)
Platform modules already initialized, skipping
Registering precompiled user dll's ...
Registered in 0.005648 seconds.
Begin MonoManager ReloadAssembly
Native extension for WindowsStandalone target not found
Native extension for WebGL target not found
Refreshing native plugins compatible for Editor in 0.68 ms, found 2 plugins.
Preloading 0 native plugins for Editor in 0.00 ms.
Mono: successfully reloaded assembly
- Completed reload, in  1.036 seconds
Domain Reload Profiling:
	ReloadAssembly (1037ms)
		BeginReloadAssembly (143ms)
			ExecutionOrderSort (0ms)
			DisableScriptedObjects (4ms)
			BackupInstance (0ms)
			ReleaseScriptingObjects (0ms)
			CreateAndSetChildDomain (18ms)
		EndReloadAssembly (830ms)
			LoadAssemblies (93ms)
			RebuildTransferFunctionScriptingTraits (0ms)
			SetupTypeCache (267ms)
			ReleaseScriptCaches (0ms)
			RebuildScriptCaches (47ms)
			SetupLoadedEditorAssemblies (335ms)
				LogAssemblyErrors (0ms)
				InitializePlatformSupportModulesInManaged (6ms)
				SetLoadedEditorAssemblies (0ms)
				RefreshPlugins (1ms)
				BeforeProcessingInitializeOnLoad (71ms)
				ProcessInitializeOnLoadAttributes (244ms)
				ProcessInitializeOnLoadMethodAttributes (5ms)
				AfterProcessingInitializeOnLoad (8ms)
				EditorAssembliesLoaded (0ms)
			ExecutionOrderSort2 (0ms)
			AwakeInstancesAfterBackupRestoration (6ms)
Platform modules already initialized, skipping
========================================================================
Worker process is ready to serve import requests
Launched and connected shader compiler UnityShaderCompiler.exe after 0.07 seconds
Refreshing native plugins compatible for Editor in 0.69 ms, found 2 plugins.
Preloading 0 native plugins for Editor in 0.00 ms.
Unloading 1872 Unused Serialized files (Serialized files now loaded: 0)
System memory in use before: 88.5 MB.
System memory in use after: 86.5 MB.

Unloading 47 unused Assets to reduce memory usage. Loaded Objects now: 2284.
Total: 3.719000 ms (FindLiveObjects: 0.176700 ms CreateObjectMapping: 0.067500 ms MarkObjects: 2.666200 ms  DeleteObjects: 0.807400 ms)

AssetImportParameters requested are different than current active one (requested -> active):
  custom:framework-win-MediaFoundation: 216162199b28c13a410421893ffa2e32 -> 
  custom:video-decoder-ogg-theora: a1e56fd34408186e4bbccfd4996cb3dc -> 
  custom:container-muxer-webm: aa71ff27fc2769a1b78a27578f13a17b -> 
  custom:container-demuxer-webm: 4f35f7cbe854078d1ac9338744f61a02 -> 
  custom:container-demuxer-ogg: 62fdf1f143b41e24485cea50d1cbac27 -> 
  custom:video-encoder-webm-vp8: eb34c28f22e8b96e1ab97ce403110664 -> 
  custom:video-codec-MediaFoundation-h265: 746d11721c4dcdbdad8f713fa42b33f4 -> 
  custom:video-decoder-webm-vp8: 9c59270c3fd7afecdb556c50c9e8de78 -> 
  custom:audio-decoder-ogg-vorbis: bf7c407c2cedff20999df2af8eb42d56 -> 
  custom:audio-encoder-webm-vorbis: bf7c407c2cedff20999df2af8eb42d56 -> 
========================================================================
Received Import Request.
  path: Assets/Animations/Player.controller
  artifactKey: Guid(a038e21b0bc9420418e68204861835a9) Importer(815301076,1909f56bfc062723c751e8b465ee728b)
Start importing Assets/Animations/Player.controller using Guid(a038e21b0bc9420418e68204861835a9) Importer(815301076,1909f56bfc062723c751e8b465ee728b)  -> (artifact id: '13145f1f5cb28f3b85f6d9eea21bda31') in 0.048113 seconds 
  Import took 0.053920 seconds .

========================================================================
Received Import Request.
  Time since last request: 83.737380 seconds.
  path: Assets/Animations/PlayerRun.anim
  artifactKey: Guid(4d0481172c86f0c4fb66bc4f50f67faa) Importer(815301076,1909f56bfc062723c751e8b465ee728b)
Start importing Assets/Animations/PlayerRun.anim using Guid(4d0481172c86f0c4fb66bc4f50f67faa) Importer(815301076,1909f56bfc062723c751e8b465ee728b)  -> (artifact id: '6ce13559ae928d4507ec77519bbaaada') in 0.005884 seconds 
  Import took 0.011242 seconds .

========================================================================
Received Import Request.
  Time since last request: 58.433495 seconds.
  path: Assets/Metal textures pack
  artifactKey: Guid(e5a6360c4f42dcf49ac5464fac237058) Importer(815301076,1909f56bfc062723c751e8b465ee728b)
Start importing Assets/Metal textures pack using Guid(e5a6360c4f42dcf49ac5464fac237058) Importer(815301076,1909f56bfc062723c751e8b465ee728b)  -> (artifact id: 'beb87bbd872e84b6310be163f87d392c') in 0.004527 seconds 
  Import took 0.010423 seconds .

========================================================================
Received Import Request.
  Time since last request: 0.774898 seconds.
  path: Assets/Prefabs/Player.prefab
  artifactKey: Guid(083f1e89deffcfe4e9f5480b65934b2f) Importer(815301076,1909f56bfc062723c751e8b465ee728b)
Start importing Assets/Prefabs/Player.prefab using Guid(083f1e89deffcfe4e9f5480b65934b2f) Importer(815301076,1909f56bfc062723c751e8b465ee728b)  -> (artifact id: '1d2fd2260963dc6026bd2fef2c7dc885') in 0.081956 seconds 
  Import took 0.087388 seconds .

========================================================================
Received Import Request.
  Time since last request: 0.622670 seconds.
  path: Assets/Prefabs/Virus.prefab
  artifactKey: Guid(d5740a332a9a0e840bc3192ca9b2802f) Importer(815301076,1909f56bfc062723c751e8b465ee728b)
Start importing Assets/Prefabs/Virus.prefab using Guid(d5740a332a9a0e840bc3192ca9b2802f) Importer(815301076,1909f56bfc062723c751e8b465ee728b)  -> (artifact id: '33a142a9896f1d96bb746f2212254267') in 0.014383 seconds 
  Import took 0.019937 seconds .

========================================================================
Received Import Request.
  Time since last request: 3.541017 seconds.
  path: Assets/Animations
  artifactKey: Guid(1cb7618284da4ea4db9eb28f2579446d) Importer(815301076,1909f56bfc062723c751e8b465ee728b)
Start importing Assets/Animations using Guid(1cb7618284da4ea4db9eb28f2579446d) Importer(815301076,1909f56bfc062723c751e8b465ee728b)  -> (artifact id: '482db3e5ddf8b5234feebc0024450ebe') in 0.006736 seconds 
  Import took 0.013441 seconds .

========================================================================
Received Import Request.
  Time since last request: 5.452139 seconds.
  path: Assets/Character/Animations/VirusKick.anim
  artifactKey: Guid(014b401d856138a47ad59227dc61d7fa) Importer(815301076,1909f56bfc062723c751e8b465ee728b)
Start importing Assets/Character/Animations/VirusKick.anim using Guid(014b401d856138a47ad59227dc61d7fa) Importer(815301076,1909f56bfc062723c751e8b465ee728b)  -> (artifact id: '621afac2a4e76b105d179f779fb1d59f') in 0.005644 seconds 
  Import took 0.012140 seconds .

========================================================================
Received Import Request.
  Time since last request: 0.659314 seconds.
  path: Assets/Character/Animations/VirusRun.anim
  artifactKey: Guid(4c74df4e17638cd49bf6a714816aef9c) Importer(815301076,1909f56bfc062723c751e8b465ee728b)
Start importing Assets/Character/Animations/VirusRun.anim using Guid(4c74df4e17638cd49bf6a714816aef9c) Importer(815301076,1909f56bfc062723c751e8b465ee728b)  -> (artifact id: '67a45da6e913e629012c1b4571d0f885') in 0.005213 seconds 
  Import took 0.011392 seconds .

========================================================================
Received Import Request.
  Time since last request: 0.428071 seconds.
  path: Assets/Character/Animations/VirusStand.anim
  artifactKey: Guid(4b5e06ea1e0d6f84999559eab2a2eb84) Importer(815301076,1909f56bfc062723c751e8b465ee728b)
Start importing Assets/Character/Animations/VirusStand.anim using Guid(4b5e06ea1e0d6f84999559eab2a2eb84) Importer(815301076,1909f56bfc062723c751e8b465ee728b)  -> (artifact id: '01b313cc41051b88eaa90a44be57900b') in 0.006056 seconds 
  Import took 0.012009 seconds .

========================================================================
Received Import Request.
  Time since last request: 9.318079 seconds.
  path: Assets/Scripts/Game Scene/Enemy.cs
  artifactKey: Guid(9e23dfafb47a07c45a018e6bac47ca22) Importer(815301076,1909f56bfc062723c751e8b465ee728b)
Start importing Assets/Scripts/Game Scene/Enemy.cs using Guid(9e23dfafb47a07c45a018e6bac47ca22) Importer(815301076,1909f56bfc062723c751e8b465ee728b)  -> (artifact id: 'ce930cb3e0cd875b1a4c81b02f205d1e') in 0.017516 seconds 
  Import took 0.023401 seconds .

========================================================================
Received Import Request.
  Time since last request: 0.780219 seconds.
  path: Assets/Scripts/Game Scene/GameSceneUIHandler.cs
  artifactKey: Guid(2188d8099662c0b4b90d020250f34bdc) Importer(815301076,1909f56bfc062723c751e8b465ee728b)
Start importing Assets/Scripts/Game Scene/GameSceneUIHandler.cs using Guid(2188d8099662c0b4b90d020250f34bdc) Importer(815301076,1909f56bfc062723c751e8b465ee728b)  -> (artifact id: '63ce34038b638846dab8d49f228b21a6') in 0.005867 seconds 
  Import took 0.012292 seconds .

========================================================================
Received Import Request.
  Time since last request: 0.650061 seconds.
  path: Assets/Scripts/Game Scene/GameManager.cs
  artifactKey: Guid(be415bdfba4ff3c4cbf7fc3c68832b2b) Importer(815301076,1909f56bfc062723c751e8b465ee728b)
Start importing Assets/Scripts/Game Scene/GameManager.cs using Guid(be415bdfba4ff3c4cbf7fc3c68832b2b) Importer(815301076,1909f56bfc062723c751e8b465ee728b)  -> (artifact id: '45205cb8b89d91f0450a09ae744ac24e') in 0.004886 seconds 
  Import took 0.010925 seconds .

========================================================================
Received Import Request.
  Time since last request: 0.512961 seconds.
  path: Assets/Scripts/Game Scene/SpawnManager.cs
  artifactKey: Guid(b0c5ec5451109a448835d14d36bfa354) Importer(815301076,1909f56bfc062723c751e8b465ee728b)
Start importing Assets/Scripts/Game Scene/SpawnManager.cs using Guid(b0c5ec5451109a448835d14d36bfa354) Importer(815301076,1909f56bfc062723c751e8b465ee728b)  -> (artifact id: '0b8394c9e4c14ebf82819b388145ccb1') in 0.004005 seconds 
  Import took 0.009961 seconds .

========================================================================
Received Import Request.
  Time since last request: 0.582213 seconds.
  path: Assets/Scripts/Game Scene/PlayerController.cs
  artifactKey: Guid(652eb762340d13342b8cff027843984e) Importer(815301076,1909f56bfc062723c751e8b465ee728b)
Start importing Assets/Scripts/Game Scene/PlayerController.cs using Guid(652eb762340d13342b8cff027843984e) Importer(815301076,1909f56bfc062723c751e8b465ee728b)  -> (artifact id: '6021b2d3a97ad49203c25c78294cc3e9') in 0.003999 seconds 
  Import took 0.009448 seconds .

========================================================================
Received Import Request.
  Time since last request: 8.345434 seconds.
  path: Assets/Scripts/Main Menu
  artifactKey: Guid(b8ef811d07338f949b67bd1a5261e899) Importer(815301076,1909f56bfc062723c751e8b465ee728b)
Start importing Assets/Scripts/Main Menu using Guid(b8ef811d07338f949b67bd1a5261e899) Importer(815301076,1909f56bfc062723c751e8b465ee728b)  -> (artifact id: '2880f96b58ca8aeb3ba07984416ccdd2') in 0.003697 seconds 
  Import took 0.009268 seconds .

========================================================================
Received Import Request.
  Time since last request: 0.552263 seconds.
  path: Assets/Scripts/Main Menu/MenuUIHandler.cs
  artifactKey: Guid(f851184be3ef10840bdf7070865c80ca) Importer(815301076,1909f56bfc062723c751e8b465ee728b)
Start importing Assets/Scripts/Main Menu/MenuUIHandler.cs using Guid(f851184be3ef10840bdf7070865c80ca) Importer(815301076,1909f56bfc062723c751e8b465ee728b)  -> (artifact id: 'a7cd71edd333e44eff269cc5affc55d4') in 0.004126 seconds 
  Import took 0.009953 seconds .

========================================================================
Received Import Request.
  Time since last request: 1140.115212 seconds.
  path: Assets/Scripts/PlayerPunch.cs
  artifactKey: Guid(6dbbf5ece51589043a0d0c560239690a) Importer(815301076,1909f56bfc062723c751e8b465ee728b)
Start importing Assets/Scripts/PlayerPunch.cs using Guid(6dbbf5ece51589043a0d0c560239690a) Importer(815301076,1909f56bfc062723c751e8b465ee728b)  -> (artifact id: 'd23bca05ace8da1ecda2e6f7e6d645fc') in 0.004569 seconds 
  Import took 0.012194 seconds .

========================================================================
Received Import Request.
  Time since last request: 187.524845 seconds.
  path: Assets/Character/Animations/PlayerPunch.anim
  artifactKey: Guid(aca6b43fd6bfc8b49a0bad5647c7eeab) Importer(815301076,1909f56bfc062723c751e8b465ee728b)
Start importing Assets/Character/Animations/PlayerPunch.anim using Guid(aca6b43fd6bfc8b49a0bad5647c7eeab) Importer(815301076,1909f56bfc062723c751e8b465ee728b)  -> (artifact id: '8b83ce47a5c92d48529151dea4fec0ff') in 0.005085 seconds 
  Import took 0.011145 seconds .

========================================================================
Received Import Request.
  Time since last request: 1.374981 seconds.
  path: Assets/Character/Animations/Canvas.controller
  artifactKey: Guid(2b81bb84b5dafd243be1598ff367d885) Importer(815301076,1909f56bfc062723c751e8b465ee728b)
Start importing Assets/Character/Animations/Canvas.controller using Guid(2b81bb84b5dafd243be1598ff367d885) Importer(815301076,1909f56bfc062723c751e8b465ee728b)  -> (artifact id: '8573ee35e6dc2989e9f9193adc53ebf8') in 0.006706 seconds 
  Import took 0.013899 seconds .

========================================================================
Received Import Request.
  Time since last request: 0.541700 seconds.
  path: Assets/Character/Animations
  artifactKey: Guid(ca5ce6eec391341a99ff0149786f60ee) Importer(815301076,1909f56bfc062723c751e8b465ee728b)
Start importing Assets/Character/Animations using Guid(ca5ce6eec391341a99ff0149786f60ee) Importer(815301076,1909f56bfc062723c751e8b465ee728b)  -> (artifact id: '67cd22427c9057da2011210b234d22df') in 0.004764 seconds 
  Import took 0.010655 seconds .

========================================================================
Received Import Request.
  Time since last request: 0.614181 seconds.
  path: Assets/Character/Animations/Animations
  artifactKey: Guid(9604ee835633f0f4f89c5e9b7f2c4339) Importer(815301076,1909f56bfc062723c751e8b465ee728b)
Start importing Assets/Character/Animations/Animations using Guid(9604ee835633f0f4f89c5e9b7f2c4339) Importer(815301076,1909f56bfc062723c751e8b465ee728b)  -> (artifact id: '5d5e7a59bd827e7614cd788bd7275d07') in 0.005446 seconds 
  Import took 0.011534 seconds .

========================================================================
Received Import Request.
  Time since last request: 1.302377 seconds.
  path: Assets/Scripts/Game Scene
  artifactKey: Guid(7007eb5a35410f346b75cb3d966aa2a8) Importer(815301076,1909f56bfc062723c751e8b465ee728b)
Start importing Assets/Scripts/Game Scene using Guid(7007eb5a35410f346b75cb3d966aa2a8) Importer(815301076,1909f56bfc062723c751e8b465ee728b)  -> (artifact id: 'e1cef39b04c8f2f119e3da993b3dc494') in 0.004187 seconds 
  Import took 0.010392 seconds .

========================================================================
Received Import Request.
  Time since last request: 57.915179 seconds.
  path: Assets/Scripts/VirusKick.cs
  artifactKey: Guid(663e1c9ed22ce084aac0229cd953682e) Importer(815301076,1909f56bfc062723c751e8b465ee728b)
Start importing Assets/Scripts/VirusKick.cs using Guid(663e1c9ed22ce084aac0229cd953682e) Importer(815301076,1909f56bfc062723c751e8b465ee728b)  -> (artifact id: 'f635ad6d5caa5e11853b61bf92805cbb') in 0.003957 seconds 
  Import took 0.010473 seconds .

========================================================================
Received Import Request.
  Time since last request: 34.524214 seconds.
  path: Assets/Character/Animations/PlayerRun.anim
  artifactKey: Guid(56811a918221743d69fe84599f43c740) Importer(815301076,1909f56bfc062723c751e8b465ee728b)
Start importing Assets/Character/Animations/PlayerRun.anim using Guid(56811a918221743d69fe84599f43c740) Importer(815301076,1909f56bfc062723c751e8b465ee728b)  -> (artifact id: 'cb2fc911bd980c66fbdf10c327726226') in 0.005247 seconds 
  Import took 0.011659 seconds .

========================================================================
Received Import Request.
  Time since last request: 9.335433 seconds.
  path: Assets/Scripts/VirusRun.cs
  artifactKey: Guid(16c7f06ef5e20c7449a33583bf01f0b0) Importer(815301076,1909f56bfc062723c751e8b465ee728b)
Start importing Assets/Scripts/VirusRun.cs using Guid(16c7f06ef5e20c7449a33583bf01f0b0) Importer(815301076,1909f56bfc062723c751e8b465ee728b)  -> (artifact id: '605273d8a6059597182e091c5e679fd5') in 0.004519 seconds 
  Import took 0.010796 seconds .

========================================================================
Received Import Request.
  Time since last request: 1.558704 seconds.
  path: Assets/Scripts/VirusStand.cs
  artifactKey: Guid(e284b2dbd2bb44f47b2b873fd3741304) Importer(815301076,1909f56bfc062723c751e8b465ee728b)
Start importing Assets/Scripts/VirusStand.cs using Guid(e284b2dbd2bb44f47b2b873fd3741304) Importer(815301076,1909f56bfc062723c751e8b465ee728b)  -> (artifact id: '383bfd771211cfde6f16dc3763161dcb') in 0.004650 seconds 
  Import took 0.013064 seconds .

